{"C:\\Users\\sebas\\Desktop\\Sexto Semestre\\Construccion\\gregor\\salazar-2025-b-glsd-sw-gr2\\Examen-02\\hangman\\hangman.js": {"path":"C:\\Users\\sebas\\Desktop\\Sexto Semestre\\Construccion\\gregor\\salazar-2025-b-glsd-sw-gr2\\Examen-02\\hangman\\hangman.js","statementMap":{"0":{"start":{"line":2,"column":12},"end":{"line":2,"column":13}},"1":{"start":{"line":3,"column":16},"end":{"line":3,"column":17}},"2":{"start":{"line":6,"column":18},"end":{"line":6,"column":80}},"3":{"start":{"line":8,"column":17},"end":{"line":29,"column":1}},"4":{"start":{"line":30,"column":11},"end":{"line":30,"column":68}},"5":{"start":{"line":31,"column":22},"end":{"line":31,"column":76}},"6":{"start":{"line":34,"column":0},"end":{"line":34,"column":62}},"7":{"start":{"line":35,"column":0},"end":{"line":35,"column":90}},"8":{"start":{"line":37,"column":0},"end":{"line":41,"column":2}},"9":{"start":{"line":38,"column":4},"end":{"line":38,"column":57}},"10":{"start":{"line":39,"column":4},"end":{"line":39,"column":31}},"11":{"start":{"line":40,"column":4},"end":{"line":40,"column":53}},"12":{"start":{"line":44,"column":16},"end":{"line":44,"column":17}},"13":{"start":{"line":45,"column":27},"end":{"line":45,"column":52}},"14":{"start":{"line":46,"column":16},"end":{"line":46,"column":21}},"15":{"start":{"line":48,"column":4},"end":{"line":48,"column":34}},"16":{"start":{"line":51,"column":4},"end":{"line":55,"column":5}},"17":{"start":{"line":52,"column":8},"end":{"line":52,"column":46}},"18":{"start":{"line":53,"column":8},"end":{"line":53,"column":16}},"19":{"start":{"line":54,"column":8},"end":{"line":54,"column":21}},"20":{"start":{"line":58,"column":4},"end":{"line":65,"column":5}},"21":{"start":{"line":59,"column":8},"end":{"line":59,"column":16}},"22":{"start":{"line":61,"column":8},"end":{"line":63,"column":9}},"23":{"start":{"line":62,"column":12},"end":{"line":62,"column":82}},"24":{"start":{"line":64,"column":8},"end":{"line":64,"column":98}},"25":{"start":{"line":67,"column":4},"end":{"line":70,"column":5}},"26":{"start":{"line":68,"column":8},"end":{"line":68,"column":49}},"27":{"start":{"line":69,"column":8},"end":{"line":69,"column":15}},"28":{"start":{"line":72,"column":4},"end":{"line":74,"column":5}},"29":{"start":{"line":73,"column":8},"end":{"line":73,"column":48}},"30":{"start":{"line":76,"column":4},"end":{"line":76,"column":48}},"31":{"start":{"line":78,"column":4},"end":{"line":78,"column":66}}},"fnMap":{"0":{"name":"(anonymous_0)","decl":{"start":{"line":37,"column":50},"end":{"line":37,"column":51}},"loc":{"start":{"line":37,"column":62},"end":{"line":41,"column":1}},"line":37},"1":{"name":"request_put_letter","decl":{"start":{"line":43,"column":9},"end":{"line":43,"column":27}},"loc":{"start":{"line":43,"column":36},"end":{"line":79,"column":1}},"line":43}},"branchMap":{"0":{"loc":{"start":{"line":58,"column":4},"end":{"line":65,"column":5}},"type":"if","locations":[{"start":{"line":58,"column":4},"end":{"line":65,"column":5}},{"start":{},"end":{}}],"line":58},"1":{"loc":{"start":{"line":61,"column":8},"end":{"line":63,"column":9}},"type":"if","locations":[{"start":{"line":61,"column":8},"end":{"line":63,"column":9}},{"start":{},"end":{}}],"line":61},"2":{"loc":{"start":{"line":67,"column":4},"end":{"line":70,"column":5}},"type":"if","locations":[{"start":{"line":67,"column":4},"end":{"line":70,"column":5}},{"start":{},"end":{}}],"line":67},"3":{"loc":{"start":{"line":72,"column":4},"end":{"line":74,"column":5}},"type":"if","locations":[{"start":{"line":72,"column":4},"end":{"line":74,"column":5}},{"start":{},"end":{}}],"line":72}},"s":{"0":5,"1":5,"2":5,"3":5,"4":5,"5":5,"6":5,"7":5,"8":5,"9":0,"10":0,"11":0,"12":0,"13":0,"14":0,"15":0,"16":0,"17":0,"18":0,"19":0,"20":0,"21":0,"22":0,"23":0,"24":0,"25":0,"26":0,"27":0,"28":0,"29":0,"30":0,"31":0},"f":{"0":0,"1":0},"b":{"0":[0,0],"1":[0,0],"2":[0,0],"3":[0,0]},"_coverageSchema":"1a1c01bbd47fc00a2c39e90264f33305004495a9","hash":"af13bf764c7c0f0b9b348061858d6309e4ec758c"}
}
