TN:
SF:hangman.js
FN:37,(anonymous_0)
FN:43,request_put_letter
FNF:2
FNH:0
FNDA:0,(anonymous_0)
FNDA:0,request_put_letter
DA:2,5
DA:3,5
DA:6,5
DA:8,5
DA:30,5
DA:31,5
DA:34,5
DA:35,5
DA:37,5
DA:38,0
DA:39,0
DA:40,0
DA:44,0
DA:45,0
DA:46,0
DA:48,0
DA:51,0
DA:52,0
DA:53,0
DA:54,0
DA:58,0
DA:59,0
DA:61,0
DA:62,0
DA:64,0
DA:67,0
DA:68,0
DA:69,0
DA:72,0
DA:73,0
DA:76,0
DA:78,0
LF:32
LH:9
BRDA:58,0,0,0
BRDA:58,0,1,0
BRDA:61,1,0,0
BRDA:61,1,1,0
BRDA:67,2,0,0
BRDA:67,2,1,0
BRDA:72,3,0,0
BRDA:72,3,1,0
BRF:8
BRH:0
end_of_record
